0 info it worked if it ends with ok
1 verbose cli [ '/usr/bin/node', '/usr/bin/npm', 'install', 'expo' ]
2 info using npm@3.5.2
3 info using node@v8.10.0
4 silly loadCurrentTree Starting
5 silly install loadCurrentTree
6 silly install readLocalPackageData
7 silly fetchPackageMetaData expo@^37.0.12
8 silly fetchNamedPackageData expo
9 silly mapToRegistry name expo
10 silly mapToRegistry using default registry
11 silly mapToRegistry registry https://registry.npmjs.org/
12 silly mapToRegistry uri https://registry.npmjs.org/expo
13 verbose request uri https://registry.npmjs.org/expo
14 verbose request no auth needed
15 info attempt registry request try #1 at 4:09:03 PM
16 verbose request id 246692700d24862b
17 http request GET https://registry.npmjs.org/expo
18 http 200 https://registry.npmjs.org/expo
19 verbose headers { date: 'Fri, 09 Oct 2020 10:39:03 GMT',
19 verbose headers   'content-type': 'application/json',
19 verbose headers   'transfer-encoding': 'chunked',
19 verbose headers   connection: 'keep-alive',
19 verbose headers   'set-cookie':
19 verbose headers    [ '__cfduid=d8ee06ef8f9030d65b5804a530fd623cc1602239943; expires=Sun, 08-Nov-20 10:39:03 GMT; path=/; domain=.npmjs.org; HttpOnly; SameSite=Lax' ],
19 verbose headers   'cf-ray': '5df779c018e7d57f-DEL',
19 verbose headers   'cache-control': 'public, max-age=300',
19 verbose headers   etag: 'W/"e2f84ce585fb94bbed53ffd9b3dbf9a7"',
19 verbose headers   'last-modified': 'Tue, 22 Sep 2020 17:51:56 GMT',
19 verbose headers   vary: 'accept-encoding, accept',
19 verbose headers   'cf-cache-status': 'REVALIDATED',
19 verbose headers   'cf-request-id': '05ae8a6c110000d57f1b24f200000001',
19 verbose headers   'expect-ct': 'max-age=604800, report-uri="https://report-uri.cloudflare.com/cdn-cgi/beacon/expect-ct"',
19 verbose headers   server: 'cloudflare',
19 verbose headers   'content-encoding': 'gzip' }
20 silly get cb [ 200,
20 silly get   { date: 'Fri, 09 Oct 2020 10:39:03 GMT',
20 silly get     'content-type': 'application/json',
20 silly get     'transfer-encoding': 'chunked',
20 silly get     connection: 'keep-alive',
20 silly get     'set-cookie':
20 silly get      [ '__cfduid=d8ee06ef8f9030d65b5804a530fd623cc1602239943; expires=Sun, 08-Nov-20 10:39:03 GMT; path=/; domain=.npmjs.org; HttpOnly; SameSite=Lax' ],
20 silly get     'cf-ray': '5df779c018e7d57f-DEL',
20 silly get     'cache-control': 'public, max-age=300',
20 silly get     etag: 'W/"e2f84ce585fb94bbed53ffd9b3dbf9a7"',
20 silly get     'last-modified': 'Tue, 22 Sep 2020 17:51:56 GMT',
20 silly get     vary: 'accept-encoding, accept',
20 silly get     'cf-cache-status': 'REVALIDATED',
20 silly get     'cf-request-id': '05ae8a6c110000d57f1b24f200000001',
20 silly get     'expect-ct': 'max-age=604800, report-uri="https://report-uri.cloudflare.com/cdn-cgi/beacon/expect-ct"',
20 silly get     server: 'cloudflare',
20 silly get     'content-encoding': 'gzip' } ]
21 verbose get saving expo to /home/o2b/.npm/registry.npmjs.org/expo/.cache.json
22 silly install normalizeTree
23 silly loadCurrentTree Finishing
24 silly loadIdealTree Starting
25 silly install loadIdealTree
26 silly cloneCurrentTree Starting
27 silly install cloneCurrentTreeToIdealTree
28 silly cloneCurrentTree Finishing
29 silly loadShrinkwrap Starting
30 silly install loadShrinkwrap
31 silly loadShrinkwrap Finishing
32 silly loadAllDepsIntoIdealTree Starting
33 silly install loadAllDepsIntoIdealTree
34 silly resolveWithNewModule expo@37.0.12 checking installable status
35 silly cache add args [ 'expo@^37.0.12', null ]
36 verbose cache add spec expo@^37.0.12
37 silly cache add parsed spec Result {
37 silly cache add   raw: 'expo@^37.0.12',
37 silly cache add   scope: null,
37 silly cache add   name: 'expo',
37 silly cache add   rawSpec: '^37.0.12',
37 silly cache add   spec: '>=37.0.12 <38.0.0',
37 silly cache add   type: 'range' }
38 silly addNamed expo@>=37.0.12 <38.0.0
39 verbose addNamed ">=37.0.12 <38.0.0" is a valid semver range for expo
40 silly addNameRange { name: 'expo', range: '>=37.0.12 <38.0.0', hasData: false }
41 silly mapToRegistry name expo
42 silly mapToRegistry using default registry
43 silly mapToRegistry registry https://registry.npmjs.org/
44 silly mapToRegistry uri https://registry.npmjs.org/expo
45 verbose addNameRange registry:https://registry.npmjs.org/expo not in flight; fetching
46 verbose request uri https://registry.npmjs.org/expo
47 verbose request no auth needed
48 info attempt registry request try #1 at 4:09:04 PM
49 http request GET https://registry.npmjs.org/expo
50 http 200 https://registry.npmjs.org/expo
51 verbose headers { date: 'Fri, 09 Oct 2020 10:39:04 GMT',
51 verbose headers   'content-type': 'application/json',
51 verbose headers   'transfer-encoding': 'chunked',
51 verbose headers   connection: 'keep-alive',
51 verbose headers   'set-cookie':
51 verbose headers    [ '__cfduid=d4e833edf809175656dcdd2596efe462c1602239944; expires=Sun, 08-Nov-20 10:39:04 GMT; path=/; domain=.npmjs.org; HttpOnly; SameSite=Lax' ],
51 verbose headers   'cf-ray': '5df779c279edd57f-DEL',
51 verbose headers   age: '1',
51 verbose headers   'cache-control': 'public, max-age=300',
51 verbose headers   etag: 'W/"e2f84ce585fb94bbed53ffd9b3dbf9a7"',
51 verbose headers   'last-modified': 'Tue, 22 Sep 2020 17:51:56 GMT',
51 verbose headers   vary: 'accept-encoding, accept',
51 verbose headers   'cf-cache-status': 'HIT',
51 verbose headers   'cf-request-id': '05ae8a6d8d0000d57f1b264200000001',
51 verbose headers   'expect-ct': 'max-age=604800, report-uri="https://report-uri.cloudflare.com/cdn-cgi/beacon/expect-ct"',
51 verbose headers   server: 'cloudflare',
51 verbose headers   'content-encoding': 'gzip' }
52 silly get cb [ 200,
52 silly get   { date: 'Fri, 09 Oct 2020 10:39:04 GMT',
52 silly get     'content-type': 'application/json',
52 silly get     'transfer-encoding': 'chunked',
52 silly get     connection: 'keep-alive',
52 silly get     'set-cookie':
52 silly get      [ '__cfduid=d4e833edf809175656dcdd2596efe462c1602239944; expires=Sun, 08-Nov-20 10:39:04 GMT; path=/; domain=.npmjs.org; HttpOnly; SameSite=Lax' ],
52 silly get     'cf-ray': '5df779c279edd57f-DEL',
52 silly get     age: '1',
52 silly get     'cache-control': 'public, max-age=300',
52 silly get     etag: 'W/"e2f84ce585fb94bbed53ffd9b3dbf9a7"',
52 silly get     'last-modified': 'Tue, 22 Sep 2020 17:51:56 GMT',
52 silly get     vary: 'accept-encoding, accept',
52 silly get     'cf-cache-status': 'HIT',
52 silly get     'cf-request-id': '05ae8a6d8d0000d57f1b264200000001',
52 silly get     'expect-ct': 'max-age=604800, report-uri="https://report-uri.cloudflare.com/cdn-cgi/beacon/expect-ct"',
52 silly get     server: 'cloudflare',
52 silly get     'content-encoding': 'gzip' } ]
53 verbose get saving expo to /home/o2b/.npm/registry.npmjs.org/expo/.cache.json
54 silly addNameRange number 2 { name: 'expo', range: '>=37.0.12 <38.0.0', hasData: true }
55 silly addNameRange versions [ 'expo',
55 silly addNameRange   [ '0.1.1',
55 silly addNameRange     '0.1.2',
55 silly addNameRange     '0.1.3',
55 silly addNameRange     '0.1.4',
55 silly addNameRange     '0.1.5',
55 silly addNameRange     '0.1.6',
55 silly addNameRange     '0.1.7',
55 silly addNameRange     '1.0.0',
55 silly addNameRange     '14.0.0',
55 silly addNameRange     '14.0.1',
55 silly addNameRange     '14.0.2',
55 silly addNameRange     '15.0.0-rc.1',
55 silly addNameRange     '15.0.0',
55 silly addNameRange     '15.0.1-beta.0',
55 silly addNameRange     '15.0.1-beta.1',
55 silly addNameRange     '15.0.1',
55 silly addNameRange     '15.0.2',
55 silly addNameRange     '15.1.2',
55 silly addNameRange     '15.1.3',
55 silly addNameRange     '16.0.0-beta.0',
55 silly addNameRange     '0.1.0-pre',
55 silly addNameRange     '0.1.0-pre2',
55 silly addNameRange     '16.0.0-rc.1',
55 silly addNameRange     '16.0.0',
55 silly addNameRange     '17.0.0-rc.1',
55 silly addNameRange     '17.0.0-rc.2',
55 silly addNameRange     '17.0.0-rc.3',
55 silly addNameRange     '17.0.0-rc.4',
55 silly addNameRange     '17.0.0',
55 silly addNameRange     '18.0.0-alpha.0',
55 silly addNameRange     '18.0.0-alpha.1',
55 silly addNameRange     '18.0.0-rc.1',
55 silly addNameRange     '18.0.0-rc.2',
55 silly addNameRange     '18.0.0-rc.3',
55 silly addNameRange     '18.0.0',
55 silly addNameRange     '18.0.1',
55 silly addNameRange     '18.0.2',
55 silly addNameRange     '18.0.3',
55 silly addNameRange     '18.0.4-rc.0',
55 silly addNameRange     '18.0.4',
55 silly addNameRange     '18.0.5',
55 silly addNameRange     '18.0.6',
55 silly addNameRange     '19.0.0-alpha.0',
55 silly addNameRange     '18.0.8',
55 silly addNameRange     '18.0.9',
55 silly addNameRange     '19.0.0-rc.0',
55 silly addNameRange     '19.0.0-rc.1',
55 silly addNameRange     '19.0.0-rc.2',
55 silly addNameRange     '19.0.0-rc.3',
55 silly addNameRange     '19.0.0-rc.4',
55 silly addNameRange     '19.0.0-rc.5',
55 silly addNameRange     '19.0.0-rc.6',
55 silly addNameRange     '19.0.0-rc.7',
55 silly addNameRange     '19.0.0',
55 silly addNameRange     '19.0.1',
55 silly addNameRange     '20.0.0-alpha.0',
55 silly addNameRange     '20.0.0-alpha.1',
55 silly addNameRange     '20.0.0-alpha.2',
55 silly addNameRange     '20.0.0-alpha.3',
55 silly addNameRange     '20.0.0-alpha.4',
55 silly addNameRange     '20.0.0-alpha.5',
55 silly addNameRange     '20.0.0-alpha.6',
55 silly addNameRange     '20.0.0-alpha.7',
55 silly addNameRange     '20.0.0',
55 silly addNameRange     '20.0.1',
55 silly addNameRange     '20.0.2',
55 silly addNameRange     '20.0.3',
55 silly addNameRange     '20.0.4',
55 silly addNameRange     '20.1.0',
55 silly addNameRange     '20.0.5',
55 silly addNameRange     '20.1.1',
55 silly addNameRange     '20.1.2',
55 silly addNameRange     '20.1.3',
55 silly addNameRange     '21.0.0-alpha.0',
55 silly addNameRange     '21.0.0-alpha.1',
55 silly addNameRange     '21.0.0-alpha.2',
55 silly addNameRange     '21.0.0-rc.0',
55 silly addNameRange     '21.0.0-rc.1',
55 silly addNameRange     '21.0.0-rc.3',
55 silly addNameRange     '21.0.0-rc.4',
55 silly addNameRange     '21.0.0-rc.5',
55 silly addNameRange     '21.0.0',
55 silly addNameRange     '21.0.1',
55 silly addNameRange     '21.0.2',
55 silly addNameRange     '22.0.0-rc.0',
55 silly addNameRange     '22.0.0-rc.1',
55 silly addNameRange     '22.0.0',
55 silly addNameRange     '21.0.3',
55 silly addNameRange     '22.0.1',
55 silly addNameRange     '22.0.2',
55 silly addNameRange     '22.0.3',
55 silly addNameRange     '23.0.0-rc.0',
55 silly addNameRange     '23.0.0-rc.1',
55 silly addNameRange     '23.0.0-rc.2',
55 silly addNameRange     '22.0.4',
55 silly addNameRange     '23.0.0',
55 silly addNameRange     '23.0.1',
55 silly addNameRange     '20.1.4',
55 silly addNameRange     '23.0.2',
55 silly addNameRange     '23.0.3',
55 silly addNameRange     ... 152 more items ] ]
56 silly addNamed expo@37.0.12
57 verbose addNamed "37.0.12" is a plain semver version for expo
58 silly mapToRegistry name expo
59 silly mapToRegistry using default registry
60 silly mapToRegistry registry https://registry.npmjs.org/
61 silly mapToRegistry uri https://registry.npmjs.org/expo
62 verbose addRemoteTarball https://registry.npmjs.org/expo/-/expo-37.0.12.tgz not in flight; adding
63 verbose addRemoteTarball [ 'https://registry.npmjs.org/expo/-/expo-37.0.12.tgz',
63 verbose addRemoteTarball   '9e1a7ce138cd6c580a112e20992754c7c7e9c97e' ]
64 info retry fetch attempt 1 at 4:09:04 PM
65 info attempt registry request try #1 at 4:09:04 PM
66 http fetch GET https://registry.npmjs.org/expo/-/expo-37.0.12.tgz
67 http fetch 200 https://registry.npmjs.org/expo/-/expo-37.0.12.tgz
68 silly fetchAndShaCheck shasum 9e1a7ce138cd6c580a112e20992754c7c7e9c97e
69 verbose addTmpTarball /tmp/npm-15589-4679f324/registry.npmjs.org/expo/-/expo-37.0.12.tgz not in flight; adding
70 verbose addTmpTarball already have metadata; skipping unpack for expo@37.0.12
71 silly rollbackFailedOptional Starting
72 silly rollbackFailedOptional Finishing
73 silly runTopLevelLifecycles Starting
74 silly runTopLevelLifecycles Finishing
75 silly install printInstalled
76 verbose stack Error: EACCES: permission denied, mkdir '/home/o2b/.npm/expo'
77 verbose cwd /home/o2b/workspace_odoo12/o2bCrossApps
78 error Linux 4.15.0-118-generic
79 error argv "/usr/bin/node" "/usr/bin/npm" "install" "expo"
80 error node v8.10.0
81 error npm  v3.5.2
82 error path /home/o2b/.npm/expo
83 error code EACCES
84 error errno -13
85 error syscall mkdir
86 error Error: EACCES: permission denied, mkdir '/home/o2b/.npm/expo'
86 error  { Error: EACCES: permission denied, mkdir '/home/o2b/.npm/expo'
86 error   errno: -13,
86 error   code: 'EACCES',
86 error   syscall: 'mkdir',
86 error   path: '/home/o2b/.npm/expo' }
87 error Please try running this command again as root/Administrator.
88 verbose exit [ -13, true ]
